{"C:\\Users\\Ssemugabi Martin\\OneDrive\\Desktop\\SOFL\\StackOverflow\\src\\index.js": {"path":"C:\\Users\\Ssemugabi Martin\\OneDrive\\Desktop\\SOFL\\StackOverflow\\src\\index.js","statementMap":{"0":{"start":{"line":9,"column":0},"end":{"line":11,"column":3}},"1":{"start":{"line":10,"column":2},"end":{"line":10,"column":33}},"2":{"start":{"line":13,"column":12},"end":{"line":13,"column":21}},"3":{"start":{"line":15,"column":0},"end":{"line":15,"column":27}},"4":{"start":{"line":18,"column":0},"end":{"line":18,"column":29}},"5":{"start":{"line":19,"column":0},"end":{"line":19,"column":34}},"6":{"start":{"line":21,"column":0},"end":{"line":23,"column":3}},"7":{"start":{"line":22,"column":2},"end":{"line":22,"column":39}},"8":{"start":{"line":25,"column":0},"end":{"line":25,"column":18}},"9":{"start":{"line":27,"column":13},"end":{"line":27,"column":37}},"10":{"start":{"line":29,"column":0},"end":{"line":29,"column":64}}},"fnMap":{"0":{"name":"(anonymous_0)","decl":{"start":{"line":9,"column":41},"end":{"line":9,"column":42}},"loc":{"start":{"line":9,"column":47},"end":{"line":11,"column":1}},"line":9},"1":{"name":"(anonymous_1)","decl":{"start":{"line":21,"column":13},"end":{"line":21,"column":14}},"loc":{"start":{"line":21,"column":27},"end":{"line":23,"column":1}},"line":21}},"branchMap":{"0":{"loc":{"start":{"line":27,"column":13},"end":{"line":27,"column":37}},"type":"binary-expr","locations":[{"start":{"line":27,"column":13},"end":{"line":27,"column":29}},{"start":{"line":27,"column":33},"end":{"line":27,"column":37}}],"line":27}},"s":{"0":3,"1":3,"2":3,"3":3,"4":3,"5":3,"6":3,"7":0,"8":3,"9":3,"10":3},"f":{"0":3,"1":0},"b":{"0":[3,3]},"_coverageSchema":"1a1c01bbd47fc00a2c39e90264f33305004495a9","hash":"a52982ebc8f7539cb1f06469d86e322da03edce8"}
,"C:\\Users\\Ssemugabi Martin\\OneDrive\\Desktop\\SOFL\\StackOverflow\\src\\controllers\\questions.js": {"path":"C:\\Users\\Ssemugabi Martin\\OneDrive\\Desktop\\SOFL\\StackOverflow\\src\\controllers\\questions.js","statementMap":{"0":{"start":{"line":8,"column":24},"end":{"line":15,"column":3}},"1":{"start":{"line":9,"column":4},"end":{"line":14,"column":5}},"2":{"start":{"line":10,"column":24},"end":{"line":10,"column":45}},"3":{"start":{"line":11,"column":6},"end":{"line":11,"column":45}},"4":{"start":{"line":13,"column":6},"end":{"line":13,"column":29}},"5":{"start":{"line":19,"column":4},"end":{"line":26,"column":5}},"6":{"start":{"line":20,"column":21},"end":{"line":20,"column":31}},"7":{"start":{"line":21,"column":24},"end":{"line":21,"column":51}},"8":{"start":{"line":23,"column":6},"end":{"line":23,"column":45}},"9":{"start":{"line":25,"column":6},"end":{"line":25,"column":69}},"10":{"start":{"line":30,"column":4},"end":{"line":41,"column":5}},"11":{"start":{"line":31,"column":37},"end":{"line":31,"column":45}},"12":{"start":{"line":33,"column":22},"end":{"line":36,"column":8}},"13":{"start":{"line":38,"column":6},"end":{"line":38,"column":43}},"14":{"start":{"line":40,"column":6},"end":{"line":40,"column":48}},"15":{"start":{"line":45,"column":4},"end":{"line":57,"column":5}},"16":{"start":{"line":46,"column":21},"end":{"line":46,"column":31}},"17":{"start":{"line":47,"column":37},"end":{"line":47,"column":45}},"18":{"start":{"line":49,"column":25},"end":{"line":53,"column":7}},"19":{"start":{"line":54,"column":6},"end":{"line":54,"column":46}},"20":{"start":{"line":56,"column":6},"end":{"line":56,"column":64}},"21":{"start":{"line":61,"column":4},"end":{"line":71,"column":5}},"22":{"start":{"line":62,"column":21},"end":{"line":62,"column":31}},"23":{"start":{"line":64,"column":21},"end":{"line":64,"column":58}},"24":{"start":{"line":66,"column":6},"end":{"line":66,"column":75}},"25":{"start":{"line":66,"column":19},"end":{"line":66,"column":75}},"26":{"start":{"line":68,"column":6},"end":{"line":68,"column":67}},"27":{"start":{"line":70,"column":6},"end":{"line":70,"column":48}},"28":{"start":{"line":75,"column":35},"end":{"line":75,"column":43}},"29":{"start":{"line":76,"column":23},"end":{"line":76,"column":36}},"30":{"start":{"line":78,"column":21},"end":{"line":78,"column":64}},"31":{"start":{"line":80,"column":21},"end":{"line":80,"column":61}},"32":{"start":{"line":82,"column":4},"end":{"line":84,"column":5}},"33":{"start":{"line":83,"column":6},"end":{"line":83,"column":75}},"34":{"start":{"line":85,"column":4},"end":{"line":102,"column":5}},"35":{"start":{"line":86,"column":27},"end":{"line":90,"column":10}},"36":{"start":{"line":92,"column":8},"end":{"line":95,"column":11}},"37":{"start":{"line":98,"column":6},"end":{"line":101,"column":9}},"38":{"start":{"line":106,"column":4},"end":{"line":119,"column":5}},"39":{"start":{"line":107,"column":25},"end":{"line":107,"column":38}},"40":{"start":{"line":108,"column":23},"end":{"line":108,"column":66}},"41":{"start":{"line":109,"column":6},"end":{"line":111,"column":7}},"42":{"start":{"line":110,"column":8},"end":{"line":110,"column":77}},"43":{"start":{"line":112,"column":20},"end":{"line":112,"column":65}},"44":{"start":{"line":114,"column":6},"end":{"line":114,"column":41}},"45":{"start":{"line":116,"column":6},"end":{"line":118,"column":8}},"46":{"start":{"line":123,"column":4},"end":{"line":153,"column":5}},"47":{"start":{"line":124,"column":28},"end":{"line":124,"column":38}},"48":{"start":{"line":125,"column":37},"end":{"line":125,"column":45}},"49":{"start":{"line":127,"column":23},"end":{"line":127,"column":58}},"50":{"start":{"line":128,"column":6},"end":{"line":130,"column":7}},"51":{"start":{"line":129,"column":8},"end":{"line":129,"column":64}},"52":{"start":{"line":132,"column":21},"end":{"line":132,"column":57}},"53":{"start":{"line":134,"column":6},"end":{"line":136,"column":7}},"54":{"start":{"line":135,"column":8},"end":{"line":135,"column":69}},"55":{"start":{"line":138,"column":25},"end":{"line":146,"column":7}},"56":{"start":{"line":147,"column":6},"end":{"line":150,"column":9}},"57":{"start":{"line":152,"column":6},"end":{"line":152,"column":39}}},"fnMap":{"0":{"name":"(anonymous_0)","decl":{"start":{"line":8,"column":24},"end":{"line":8,"column":25}},"loc":{"start":{"line":8,"column":44},"end":{"line":15,"column":3}},"line":8},"1":{"name":"(anonymous_1)","decl":{"start":{"line":18,"column":2},"end":{"line":18,"column":3}},"loc":{"start":{"line":18,"column":37},"end":{"line":27,"column":3}},"line":18},"2":{"name":"(anonymous_2)","decl":{"start":{"line":29,"column":2},"end":{"line":29,"column":3}},"loc":{"start":{"line":29,"column":40},"end":{"line":42,"column":3}},"line":29},"3":{"name":"(anonymous_3)","decl":{"start":{"line":44,"column":2},"end":{"line":44,"column":3}},"loc":{"start":{"line":44,"column":40},"end":{"line":58,"column":3}},"line":44},"4":{"name":"(anonymous_4)","decl":{"start":{"line":60,"column":2},"end":{"line":60,"column":3}},"loc":{"start":{"line":60,"column":40},"end":{"line":72,"column":3}},"line":60},"5":{"name":"(anonymous_5)","decl":{"start":{"line":74,"column":2},"end":{"line":74,"column":3}},"loc":{"start":{"line":74,"column":38},"end":{"line":103,"column":3}},"line":74},"6":{"name":"(anonymous_6)","decl":{"start":{"line":105,"column":2},"end":{"line":105,"column":3}},"loc":{"start":{"line":105,"column":35},"end":{"line":120,"column":5}},"line":105},"7":{"name":"(anonymous_7)","decl":{"start":{"line":122,"column":2},"end":{"line":122,"column":3}},"loc":{"start":{"line":122,"column":38},"end":{"line":154,"column":3}},"line":122}},"branchMap":{"0":{"loc":{"start":{"line":66,"column":6},"end":{"line":66,"column":75}},"type":"if","locations":[{"start":{"line":66,"column":6},"end":{"line":66,"column":75}},{"start":{},"end":{}}],"line":66},"1":{"loc":{"start":{"line":82,"column":4},"end":{"line":84,"column":5}},"type":"if","locations":[{"start":{"line":82,"column":4},"end":{"line":84,"column":5}},{"start":{},"end":{}}],"line":82},"2":{"loc":{"start":{"line":109,"column":6},"end":{"line":111,"column":7}},"type":"if","locations":[{"start":{"line":109,"column":6},"end":{"line":111,"column":7}},{"start":{},"end":{}}],"line":109},"3":{"loc":{"start":{"line":128,"column":6},"end":{"line":130,"column":7}},"type":"if","locations":[{"start":{"line":128,"column":6},"end":{"line":130,"column":7}},{"start":{},"end":{}}],"line":128},"4":{"loc":{"start":{"line":134,"column":6},"end":{"line":136,"column":7}},"type":"if","locations":[{"start":{"line":134,"column":6},"end":{"line":136,"column":7}},{"start":{},"end":{}}],"line":134}},"s":{"0":3,"1":1,"2":1,"3":1,"4":0,"5":2,"6":2,"7":2,"8":1,"9":1,"10":1,"11":1,"12":1,"13":1,"14":0,"15":2,"16":2,"17":2,"18":2,"19":1,"20":1,"21":2,"22":2,"23":2,"24":2,"25":0,"26":2,"27":0,"28":5,"29":5,"30":5,"31":5,"32":5,"33":4,"34":1,"35":1,"36":1,"37":0,"38":1,"39":1,"40":1,"41":1,"42":0,"43":1,"44":1,"45":0,"46":0,"47":0,"48":0,"49":0,"50":0,"51":0,"52":0,"53":0,"54":0,"55":0,"56":0,"57":0},"f":{"0":1,"1":2,"2":1,"3":2,"4":2,"5":5,"6":1,"7":0},"b":{"0":[0,2],"1":[4,1],"2":[0,1],"3":[0,0],"4":[0,0]},"_coverageSchema":"1a1c01bbd47fc00a2c39e90264f33305004495a9","hash":"5c791a61d4655bc572763e34da8f13dd0d8f7e95"}
,"C:\\Users\\Ssemugabi Martin\\OneDrive\\Desktop\\SOFL\\StackOverflow\\src\\controllers\\user.js": {"path":"C:\\Users\\Ssemugabi Martin\\OneDrive\\Desktop\\SOFL\\StackOverflow\\src\\controllers\\user.js","statementMap":{"0":{"start":{"line":8,"column":24},"end":{"line":38,"column":3}},"1":{"start":{"line":9,"column":48},"end":{"line":9,"column":56}},"2":{"start":{"line":11,"column":19},"end":{"line":11,"column":48}},"3":{"start":{"line":12,"column":4},"end":{"line":13,"column":71}},"4":{"start":{"line":13,"column":6},"end":{"line":13,"column":71}},"5":{"start":{"line":15,"column":22},"end":{"line":15,"column":54}},"6":{"start":{"line":16,"column":4},"end":{"line":17,"column":74}},"7":{"start":{"line":17,"column":6},"end":{"line":17,"column":74}},"8":{"start":{"line":19,"column":17},"end":{"line":19,"column":41}},"9":{"start":{"line":20,"column":31},"end":{"line":20,"column":64}},"10":{"start":{"line":21,"column":4},"end":{"line":37,"column":5}},"11":{"start":{"line":22,"column":19},"end":{"line":28,"column":8}},"12":{"start":{"line":29,"column":6},"end":{"line":29,"column":18}},"13":{"start":{"line":31,"column":6},"end":{"line":34,"column":9}},"14":{"start":{"line":36,"column":6},"end":{"line":36,"column":39}},"15":{"start":{"line":40,"column":18},"end":{"line":67,"column":3}},"16":{"start":{"line":41,"column":32},"end":{"line":41,"column":40}},"17":{"start":{"line":43,"column":17},"end":{"line":43,"column":46}},"18":{"start":{"line":44,"column":4},"end":{"line":48,"column":5}},"19":{"start":{"line":45,"column":6},"end":{"line":47,"column":9}},"20":{"start":{"line":50,"column":22},"end":{"line":50,"column":61}},"21":{"start":{"line":51,"column":4},"end":{"line":53,"column":5}},"22":{"start":{"line":52,"column":6},"end":{"line":52,"column":69}},"23":{"start":{"line":55,"column":18},"end":{"line":55,"column":71}},"24":{"start":{"line":57,"column":4},"end":{"line":57,"column":59}},"25":{"start":{"line":58,"column":30},"end":{"line":58,"column":34}},"26":{"start":{"line":59,"column":4},"end":{"line":66,"column":7}},"27":{"start":{"line":69,"column":19},"end":{"line":74,"column":3}},"28":{"start":{"line":70,"column":4},"end":{"line":70,"column":29}},"29":{"start":{"line":71,"column":4},"end":{"line":73,"column":7}}},"fnMap":{"0":{"name":"(anonymous_0)","decl":{"start":{"line":8,"column":24},"end":{"line":8,"column":25}},"loc":{"start":{"line":8,"column":44},"end":{"line":38,"column":3}},"line":8},"1":{"name":"(anonymous_1)","decl":{"start":{"line":40,"column":18},"end":{"line":40,"column":19}},"loc":{"start":{"line":40,"column":38},"end":{"line":67,"column":3}},"line":40},"2":{"name":"(anonymous_2)","decl":{"start":{"line":69,"column":19},"end":{"line":69,"column":20}},"loc":{"start":{"line":69,"column":33},"end":{"line":74,"column":3}},"line":69}},"branchMap":{"0":{"loc":{"start":{"line":12,"column":4},"end":{"line":13,"column":71}},"type":"if","locations":[{"start":{"line":12,"column":4},"end":{"line":13,"column":71}},{"start":{},"end":{}}],"line":12},"1":{"loc":{"start":{"line":16,"column":4},"end":{"line":17,"column":74}},"type":"if","locations":[{"start":{"line":16,"column":4},"end":{"line":17,"column":74}},{"start":{},"end":{}}],"line":16},"2":{"loc":{"start":{"line":44,"column":4},"end":{"line":48,"column":5}},"type":"if","locations":[{"start":{"line":44,"column":4},"end":{"line":48,"column":5}},{"start":{},"end":{}}],"line":44},"3":{"loc":{"start":{"line":51,"column":4},"end":{"line":53,"column":5}},"type":"if","locations":[{"start":{"line":51,"column":4},"end":{"line":53,"column":5}},{"start":{},"end":{}}],"line":51}},"s":{"0":3,"1":2,"2":2,"3":2,"4":2,"5":0,"6":0,"7":0,"8":0,"9":0,"10":0,"11":0,"12":0,"13":0,"14":0,"15":3,"16":2,"17":2,"18":2,"19":1,"20":1,"21":1,"22":0,"23":1,"24":1,"25":1,"26":1,"27":3,"28":1,"29":1},"f":{"0":2,"1":2,"2":1},"b":{"0":[2,0],"1":[0,0],"2":[1,1],"3":[0,1]},"_coverageSchema":"1a1c01bbd47fc00a2c39e90264f33305004495a9","hash":"a040d8bef500f45530e4b110adad1cc190716f2e"}
,"C:\\Users\\Ssemugabi Martin\\OneDrive\\Desktop\\SOFL\\StackOverflow\\src\\model\\answer.js": {"path":"C:\\Users\\Ssemugabi Martin\\OneDrive\\Desktop\\SOFL\\StackOverflow\\src\\model\\answer.js","statementMap":{"0":{"start":{"line":3,"column":21},"end":{"line":17,"column":2}}},"fnMap":{},"branchMap":{},"s":{"0":3},"f":{},"b":{},"_coverageSchema":"1a1c01bbd47fc00a2c39e90264f33305004495a9","hash":"0a48ee985ea9865168adccc3ab4f1b6a988040ac"}
,"C:\\Users\\Ssemugabi Martin\\OneDrive\\Desktop\\SOFL\\StackOverflow\\src\\model\\question.js": {"path":"C:\\Users\\Ssemugabi Martin\\OneDrive\\Desktop\\SOFL\\StackOverflow\\src\\model\\question.js","statementMap":{"0":{"start":{"line":3,"column":23},"end":{"line":12,"column":2}}},"fnMap":{},"branchMap":{},"s":{"0":3},"f":{},"b":{},"_coverageSchema":"1a1c01bbd47fc00a2c39e90264f33305004495a9","hash":"0323d5ccb077e2312b9810bbc243a190d13f3c8d"}
,"C:\\Users\\Ssemugabi Martin\\OneDrive\\Desktop\\SOFL\\StackOverflow\\src\\model\\user.js": {"path":"C:\\Users\\Ssemugabi Martin\\OneDrive\\Desktop\\SOFL\\StackOverflow\\src\\model\\user.js","statementMap":{"0":{"start":{"line":3,"column":19},"end":{"line":25,"column":2}}},"fnMap":{},"branchMap":{},"s":{"0":3},"f":{},"b":{},"_coverageSchema":"1a1c01bbd47fc00a2c39e90264f33305004495a9","hash":"50b3dfd9f1cf521f0d10f52dff5d20cd4b22aa88"}
,"C:\\Users\\Ssemugabi Martin\\OneDrive\\Desktop\\SOFL\\StackOverflow\\src\\routes\\auth.js": {"path":"C:\\Users\\Ssemugabi Martin\\OneDrive\\Desktop\\SOFL\\StackOverflow\\src\\routes\\auth.js","statementMap":{"0":{"start":{"line":5,"column":15},"end":{"line":5,"column":31}},"1":{"start":{"line":7,"column":0},"end":{"line":7,"column":72}},"2":{"start":{"line":8,"column":0},"end":{"line":8,"column":43}},"3":{"start":{"line":9,"column":0},"end":{"line":9,"column":44}}},"fnMap":{},"branchMap":{},"s":{"0":3,"1":3,"2":3,"3":3},"f":{},"b":{},"_coverageSchema":"1a1c01bbd47fc00a2c39e90264f33305004495a9","hash":"59d362450f7d9c9cec913aa2286ed931dd2a31b4"}
,"C:\\Users\\Ssemugabi Martin\\OneDrive\\Desktop\\SOFL\\StackOverflow\\src\\routes\\questions.js": {"path":"C:\\Users\\Ssemugabi Martin\\OneDrive\\Desktop\\SOFL\\StackOverflow\\src\\routes\\questions.js","statementMap":{"0":{"start":{"line":5,"column":15},"end":{"line":5,"column":31}},"1":{"start":{"line":7,"column":0},"end":{"line":7,"column":42}},"2":{"start":{"line":8,"column":0},"end":{"line":8,"column":44}},"3":{"start":{"line":9,"column":0},"end":{"line":9,"column":74}},"4":{"start":{"line":11,"column":0},"end":{"line":16,"column":2}},"5":{"start":{"line":17,"column":0},"end":{"line":17,"column":50}},"6":{"start":{"line":20,"column":0},"end":{"line":20,"column":77}},"7":{"start":{"line":22,"column":0},"end":{"line":22,"column":51}},"8":{"start":{"line":25,"column":0},"end":{"line":25,"column":59}}},"fnMap":{},"branchMap":{},"s":{"0":3,"1":3,"2":3,"3":3,"4":3,"5":3,"6":3,"7":3,"8":3},"f":{},"b":{},"_coverageSchema":"1a1c01bbd47fc00a2c39e90264f33305004495a9","hash":"9beab7b8e4e897a1ee96ba5f439fa5904042f97b"}
,"C:\\Users\\Ssemugabi Martin\\OneDrive\\Desktop\\SOFL\\StackOverflow\\src\\validation\\validation.js": {"path":"C:\\Users\\Ssemugabi Martin\\OneDrive\\Desktop\\SOFL\\StackOverflow\\src\\validation\\validation.js","statementMap":{"0":{"start":{"line":3,"column":24},"end":{"line":10,"column":4}},"1":{"start":{"line":11,"column":30},"end":{"line":16,"column":4}},"2":{"start":{"line":18,"column":26},"end":{"line":23,"column":4}},"3":{"start":{"line":25,"column":24},"end":{"line":30,"column":4}}},"fnMap":{},"branchMap":{},"s":{"0":3,"1":3,"2":3,"3":3},"f":{},"b":{},"_coverageSchema":"1a1c01bbd47fc00a2c39e90264f33305004495a9","hash":"6ecf5915dac707f1f5758d9092c56f01991ee27f"}
}
