TN:
SF:src\index.js
FN:9,(anonymous_0)
FN:21,(anonymous_1)
FNF:2
FNH:1
FNDA:3,(anonymous_0)
FNDA:0,(anonymous_1)
DA:9,3
DA:10,3
DA:13,3
DA:15,3
DA:18,3
DA:19,3
DA:21,3
DA:22,0
DA:25,3
DA:27,3
DA:29,3
LF:11
LH:10
BRDA:27,0,0,3
BRDA:27,0,1,3
BRF:2
BRH:2
end_of_record
TN:
SF:src\controllers\questions.js
FN:8,(anonymous_0)
FN:18,(anonymous_1)
FN:29,(anonymous_2)
FN:44,(anonymous_3)
FN:60,(anonymous_4)
FN:74,(anonymous_5)
FN:105,(anonymous_6)
FN:122,(anonymous_7)
FNF:8
FNH:7
FNDA:1,(anonymous_0)
FNDA:2,(anonymous_1)
FNDA:1,(anonymous_2)
FNDA:2,(anonymous_3)
FNDA:2,(anonymous_4)
FNDA:5,(anonymous_5)
FNDA:1,(anonymous_6)
FNDA:0,(anonymous_7)
DA:8,3
DA:9,1
DA:10,1
DA:11,1
DA:13,0
DA:19,2
DA:20,2
DA:21,2
DA:23,1
DA:25,1
DA:30,1
DA:31,1
DA:33,1
DA:38,1
DA:40,0
DA:45,2
DA:46,2
DA:47,2
DA:49,2
DA:54,1
DA:56,1
DA:61,2
DA:62,2
DA:64,2
DA:66,2
DA:68,2
DA:70,0
DA:75,5
DA:76,5
DA:78,5
DA:80,5
DA:82,5
DA:83,4
DA:85,1
DA:86,1
DA:92,1
DA:98,0
DA:106,1
DA:107,1
DA:108,1
DA:109,1
DA:110,0
DA:112,1
DA:114,1
DA:116,0
DA:123,0
DA:124,0
DA:125,0
DA:127,0
DA:128,0
DA:129,0
DA:132,0
DA:134,0
DA:135,0
DA:138,0
DA:147,0
DA:152,0
LF:57
LH:39
BRDA:66,0,0,0
BRDA:66,0,1,2
BRDA:82,1,0,4
BRDA:82,1,1,1
BRDA:109,2,0,0
BRDA:109,2,1,1
BRDA:128,3,0,0
BRDA:128,3,1,0
BRDA:134,4,0,0
BRDA:134,4,1,0
BRF:10
BRH:4
end_of_record
TN:
SF:src\controllers\user.js
FN:8,(anonymous_0)
FN:40,(anonymous_1)
FN:69,(anonymous_2)
FNF:3
FNH:3
FNDA:2,(anonymous_0)
FNDA:2,(anonymous_1)
FNDA:1,(anonymous_2)
DA:8,3
DA:9,2
DA:11,2
DA:12,2
DA:13,2
DA:15,0
DA:16,0
DA:17,0
DA:19,0
DA:20,0
DA:21,0
DA:22,0
DA:29,0
DA:31,0
DA:36,0
DA:40,3
DA:41,2
DA:43,2
DA:44,2
DA:45,1
DA:50,1
DA:51,1
DA:52,0
DA:55,1
DA:57,1
DA:58,1
DA:59,1
DA:69,3
DA:70,1
DA:71,1
LF:30
LH:19
BRDA:12,0,0,2
BRDA:12,0,1,0
BRDA:16,1,0,0
BRDA:16,1,1,0
BRDA:44,2,0,1
BRDA:44,2,1,1
BRDA:51,3,0,0
BRDA:51,3,1,1
BRF:8
BRH:4
end_of_record
TN:
SF:src\model\answer.js
FNF:0
FNH:0
DA:3,3
LF:1
LH:1
BRF:0
BRH:0
end_of_record
TN:
SF:src\model\question.js
FNF:0
FNH:0
DA:3,3
LF:1
LH:1
BRF:0
BRH:0
end_of_record
TN:
SF:src\model\user.js
FNF:0
FNH:0
DA:3,3
LF:1
LH:1
BRF:0
BRH:0
end_of_record
TN:
SF:src\routes\auth.js
FNF:0
FNH:0
DA:5,3
DA:7,3
DA:8,3
DA:9,3
LF:4
LH:4
BRF:0
BRH:0
end_of_record
TN:
SF:src\routes\questions.js
FNF:0
FNH:0
DA:5,3
DA:7,3
DA:8,3
DA:9,3
DA:11,3
DA:17,3
DA:20,3
DA:22,3
DA:25,3
LF:9
LH:9
BRF:0
BRH:0
end_of_record
TN:
SF:src\validation\validation.js
FNF:0
FNH:0
DA:3,3
DA:11,3
DA:18,3
DA:25,3
LF:4
LH:4
BRF:0
BRH:0
end_of_record
